<?xml version="1.0" encoding="UTF-8"?>
<testsuite xmlns:xsi="http://www.w3.org/2001/XMLSchema-instance" xsi:noNamespaceSchemaLocation="https://maven.apache.org/surefire/maven-surefire-plugin/xsd/surefire-test-report.xsd" name="Chapter3Test" time="0.152" tests="8" errors="0" skipped="0" failures="0">
  <properties>
[...]
</properties>
  <testcase name="advancedExercise1" classname="Chapter3Test" time="0.052"/>
  <testcase name="advancedExercise2" classname="Chapter3Test" time="0"/>
  <testcase name="testExercice7_version2" classname="Chapter3Test" time="0.003"/>
  <testcase name="testExercice7_version3" classname="Chapter3Test" time="0.001"/>
  <testcase name="testExercice2" classname="Chapter3Test" time="0.007"/>
  <testcase name="testExercice7" classname="Chapter3Test" time="0.002"/>
  <testcase name="testExercise6{String, long}[1]" classname="Chapter3Test" time="0.03"/>
  <testcase name="testExercise6{String, long}[2]" classname="Chapter3Test" time="0.001"/>
</testsuite>